[1019/233529.822:ERROR:minidumpwritedump_with_crashpad_info.cc(452)] Failed to call MiniDumpWriteDump: The paging file is too small for this operation to complete. (0x800705AF)
[1019/233529.824:ERROR:minidumpwritedump_with_crashpad_info.cc(661)] Failed to write minidump file
[1019/233529.824:ERROR:crash_report_exception_handler.cc(134)] TryMiniDumpWriteDumpWithCrashpadInfo failed
[1019/233529.825:ERROR:minidumpwritedump_with_crashpad_info.cc(452)] Failed to call MiniDumpWriteDump: The paging file is too small for this operation to complete. (0x800705AF)
[1019/233529.826:ERROR:minidumpwritedump_with_crashpad_info.cc(661)] Failed to write minidump file
[1019/233529.826:ERROR:crash_report_exception_handler.cc(134)] TryMiniDumpWriteDumpWithCrashpadInfo failed
[1019/233529.827:ERROR:process_info.cc(359)] UncheckedAllocate
[1019/233529.831:ERROR:process_info.cc(359)] UncheckedAllocate
[1019/233529.855:ERROR:filesystem_win.cc(129)] GetFileAttributes C:\Users\NIKHIL MEHTA\AppData\Local\Microsoft\Edge\User Data\Crashpad\attachments\4bb67303-eb2b-40b3-95a1-7040afad0490: The system cannot find the path specified. (0x3)
[1019/233531.806:ERROR:filesystem_win.cc(129)] GetFileAttributes C:\Users\NIKHIL MEHTA\AppData\Local\Microsoft\Edge\User Data\Crashpad\attachments\483fea17-747a-4f1c-a8aa-bbc82dd3b3ac: The system cannot find the path specified. (0x3)
[1019/233534.201:ERROR:filesystem_win.cc(129)] GetFileAttributes C:\Users\NIKHIL MEHTA\AppData\Local\Microsoft\Edge\User Data\Crashpad\attachments\4a047671-72a4-4a2f-bf3b-9927c751c42f: The system cannot find the path specified. (0x3)
[1019/233541.035:ERROR:minidumpwritedump_with_crashpad_info.cc(452)] Failed to call MiniDumpWriteDump: The paging file is too small for this operation to complete. (0x800705AF)
[1019/233541.050:ERROR:minidumpwritedump_with_crashpad_info.cc(661)] Failed to write minidump file
[1019/233541.050:ERROR:crash_report_exception_handler.cc(134)] TryMiniDumpWriteDumpWithCrashpadInfo failed
[1019/233541.056:ERROR:process_info.cc(359)] UncheckedAllocate
[1019/233541.130:ERROR:filesystem_win.cc(129)] GetFileAttributes C:\Users\NIKHIL MEHTA\AppData\Local\Microsoft\Edge\User Data\Crashpad\attachments\db8318f9-c860-4324-8db8-7cef530d523b: The system cannot find the path specified. (0x3)
[1019/233546.466:ERROR:minidumpwritedump_with_crashpad_info.cc(452)] Failed to call MiniDumpWriteDump: The paging file is too small for this operation to complete. (0x800705AF)
[1019/233546.466:ERROR:minidumpwritedump_with_crashpad_info.cc(661)] Failed to write minidump file
[1019/233546.466:ERROR:crash_report_exception_handler.cc(134)] TryMiniDumpWriteDumpWithCrashpadInfo failed
[1019/233546.467:ERROR:process_info.cc(359)] UncheckedAllocate
[1019/233546.524:ERROR:filesystem_win.cc(129)] GetFileAttributes C:\Users\NIKHIL MEHTA\AppData\Local\Microsoft\Edge\User Data\Crashpad\attachments\b2733a46-40bc-4359-9c66-f8440a412012: The system cannot find the path specified. (0x3)
[1019/233552.407:ERROR:filesystem_win.cc(129)] GetFileAttributes C:\Users\NIKHIL MEHTA\AppData\Local\Microsoft\Edge\User Data\Crashpad\attachments\7e6b2b84-5821-4a33-8cad-78ce9ac5702a: The system cannot find the path specified. (0x3)
[1019/233558.751:ERROR:filesystem_win.cc(129)] GetFileAttributes C:\Users\NIKHIL MEHTA\AppData\Local\Microsoft\Edge\User Data\Crashpad\attachments\f68aba03-c2e8-4d40-906b-99b93a2c1189: The system cannot find the path specified. (0x3)
[1019/234550.427:ERROR:directory_reader_win.cc(43)] FindFirstFile: The system cannot find the path specified. (0x3)
[1019/235843.699:ERROR:filesystem_win.cc(129)] GetFileAttributes C:\Users\NIKHIL MEHTA\AppData\Local\Microsoft\Edge\User Data\Crashpad\attachments\eb56b639-bae6-4948-9237-420ee512b74e: The system cannot find the path specified. (0x3)
[1019/235849.656:ERROR:minidumpwritedump_with_crashpad_info.cc(452)] Failed to call MiniDumpWriteDump: The paging file is too small for this operation to complete. (0x800705AF)
[1019/235849.658:ERROR:minidumpwritedump_with_crashpad_info.cc(661)] Failed to write minidump file
[1019/235849.658:ERROR:crash_report_exception_handler.cc(134)] TryMiniDumpWriteDumpWithCrashpadInfo failed
[1019/235849.662:ERROR:process_info.cc(359)] UncheckedAllocate
[1019/235849.686:ERROR:filesystem_win.cc(129)] GetFileAttributes C:\Users\NIKHIL MEHTA\AppData\Local\Microsoft\Edge\User Data\Crashpad\attachments\7245eb55-9939-466e-a6ed-fa7b217129f5: The system cannot find the path specified. (0x3)
[1019/235853.320:ERROR:filesystem_win.cc(129)] GetFileAttributes C:\Users\NIKHIL MEHTA\AppData\Local\Microsoft\Edge\User Data\Crashpad\attachments\65bfc855-4453-4026-9f17-cc1f5b63c5f7: The system cannot find the path specified. (0x3)
[1019/235915.147:ERROR:filesystem_win.cc(129)] GetFileAttributes C:\Users\NIKHIL MEHTA\AppData\Local\Microsoft\Edge\User Data\Crashpad\attachments\d4a1b695-2654-4f88-9bc4-e8cf7498d959: The system cannot find the path specified. (0x3)
[1019/235917.765:ERROR:filesystem_win.cc(129)] GetFileAttributes C:\Users\NIKHIL MEHTA\AppData\Local\Microsoft\Edge\User Data\Crashpad\attachments\339f6e95-5f1f-4d52-a360-a4a5774341a5: The system cannot find the path specified. (0x3)
[1019/235925.467:ERROR:filesystem_win.cc(129)] GetFileAttributes C:\Users\NIKHIL MEHTA\AppData\Local\Microsoft\Edge\User Data\Crashpad\attachments\6800af6d-a0f3-478e-b254-c910d87792e2: The system cannot find the path specified. (0x3)
[1019/235927.318:ERROR:filesystem_win.cc(129)] GetFileAttributes C:\Users\NIKHIL MEHTA\AppData\Local\Microsoft\Edge\User Data\Crashpad\attachments\45766a8a-e5f0-4644-81a4-0f6d2c04fb9f: The system cannot find the path specified. (0x3)
[1020/000125.830:ERROR:minidumpwritedump_with_crashpad_info.cc(452)] Failed to call MiniDumpWriteDump: The paging file is too small for this operation to complete. (0x800705AF)
[1020/000125.833:ERROR:minidumpwritedump_with_crashpad_info.cc(661)] Failed to write minidump file
[1020/000125.833:ERROR:crash_report_exception_handler.cc(134)] TryMiniDumpWriteDumpWithCrashpadInfo failed
[1020/000125.836:ERROR:process_info.cc(359)] UncheckedAllocate
[1020/000822.077:ERROR:filesystem_win.cc(129)] GetFileAttributes C:\Users\NIKHIL MEHTA\AppData\Local\Microsoft\Edge\User Data\Crashpad\attachments\3164b526-5d9d-4786-bd43-f9acc5f5f905: The system cannot find the path specified. (0x3)
[1020/000824.529:ERROR:filesystem_win.cc(129)] GetFileAttributes C:\Users\NIKHIL MEHTA\AppData\Local\Microsoft\Edge\User Data\Crashpad\attachments\dc8e5696-6a6c-4b10-9358-6bd2614e5459: The system cannot find the path specified. (0x3)
[1020/001138.321:ERROR:filesystem_win.cc(129)] GetFileAttributes C:\Users\NIKHIL MEHTA\AppData\Local\Microsoft\Edge\User Data\Crashpad\attachments\2aeecc12-f8c8-4bc6-97fc-335045aa6e5b: The system cannot find the path specified. (0x3)
[1020/090009.129:ERROR:minidumpwritedump_with_crashpad_info.cc(452)] Failed to call MiniDumpWriteDump: The paging file is too small for this operation to complete. (0x800705AF)
[1020/090009.129:ERROR:minidumpwritedump_with_crashpad_info.cc(661)] Failed to write minidump file
[1020/090009.129:ERROR:crash_report_exception_handler.cc(134)] TryMiniDumpWriteDumpWithCrashpadInfo failed
[1020/090009.132:ERROR:process_info.cc(359)] UncheckedAllocate
[1020/090009.185:ERROR:filesystem_win.cc(129)] GetFileAttributes C:\Users\NIKHIL MEHTA\AppData\Local\Microsoft\Edge\User Data\Crashpad\attachments\82f3f556-9d5b-4125-8aa8-21ef77fa0cae: The system cannot find the path specified. (0x3)
